<?xml version="1.0" encoding="UTF-8"?>
<robot generator="Robot 5.0 (Python 3.10.4 on win32)" generated="20220512 10:02:06.561" rpa="false" schemaversion="3">
<suite id="s1" name="Test" source="C:\Curso_Robot\robot\test.robot">
<test id="s1-t1" name="Deve retornar mensagem de boas vindas" line="7">
<kw name="Welcome" library="app">
<var>${result}</var>
<arg>Angelica</arg>
<msg timestamp="20220512 10:02:06.592" level="INFO">${result} = Olá Angelica, Bem - vindo ao curso básico de RobotFramework!</msg>
<status status="PASS" starttime="20220512 10:02:06.592" endtime="20220512 10:02:06.592"/>
</kw>
<kw name="Should Be Equal" library="BuiltIn">
<arg>${result}</arg>
<arg>Olá Angelica, Bem - vindo ao curso básico de RobotFramework!</arg>
<doc>Fails if the given objects are unequal.</doc>
<status status="PASS" starttime="20220512 10:02:06.592" endtime="20220512 10:02:06.592"/>
</kw>
<status status="PASS" starttime="20220512 10:02:06.592" endtime="20220512 10:02:06.592"/>
</test>
<status status="PASS" starttime="20220512 10:02:06.577" endtime="20220512 10:02:06.592"/>
</suite>
<statistics>
<total>
<stat pass="1" fail="0" skip="0">All Tests</stat>
</total>
<tag>
</tag>
<suite>
<stat pass="1" fail="0" skip="0" id="s1" name="Test">Test</stat>
</suite>
</statistics>
<errors>
</errors>
</robot>
